<?xml version="1.0" encoding="UTF-8" ?>
<testsuite tests="3" failures="0" name="droolsdemo.TestLesson31" time="0.633" errors="0" skipped="0">
  <properties>
    <property name="java.runtime.name" value="Java(TM) SE Runtime Environment"/>
    <property name="sun.boot.library.path" value="C:\Program Files\Java\jdk1.8.0_71\jre\bin"/>
    <property name="java.vm.version" value="25.71-b15"/>
    <property name="java.vm.vendor" value="Oracle Corporation"/>
    <property name="maven.multiModuleProjectDirectory" value="C:\Users\i007102\git\SCPGamification\droolsdemo"/>
    <property name="java.vendor.url" value="http://java.oracle.com/"/>
    <property name="path.separator" value=";"/>
    <property name="guice.disable.misplaced.annotation.check" value="true"/>
    <property name="java.vm.name" value="Java HotSpot(TM) 64-Bit Server VM"/>
    <property name="file.encoding.pkg" value="sun.io"/>
    <property name="user.script" value=""/>
    <property name="user.country" value="US"/>
    <property name="sun.java.launcher" value="SUN_STANDARD"/>
    <property name="sun.os.patch.level" value=""/>
    <property name="java.vm.specification.name" value="Java Virtual Machine Specification"/>
    <property name="user.dir" value="C:\Users\i007102\git\SCPGamification\droolsdemo"/>
    <property name="java.runtime.version" value="1.8.0_71-b15"/>
    <property name="java.awt.graphicsenv" value="sun.awt.Win32GraphicsEnvironment"/>
    <property name="java.endorsed.dirs" value="C:\Program Files\Java\jdk1.8.0_71\jre\lib\endorsed"/>
    <property name="os.arch" value="amd64"/>
    <property name="java.io.tmpdir" value="C:\Users\i007102\AppData\Local\Temp\"/>
    <property name="line.separator" value="
"/>
    <property name="java.vm.specification.vendor" value="Oracle Corporation"/>
    <property name="user.variant" value=""/>
    <property name="os.name" value="Windows 10"/>
    <property name="classworlds.conf" value="C:\Users\i007102\workspace_test\.metadata\.plugins\org.eclipse.m2e.launching\launches\m2conf49234156497280991.tmp"/>
    <property name="sun.jnu.encoding" value="Cp1252"/>
    <property name="java.library.path" value="C:\Program Files\Java\jdk1.8.0_71\bin;C:\Windows\Sun\Java\bin;C:\Windows\system32;C:\Windows;C:\Program Files\Java\jdk1.8.0_71\jre\bin;C:/Program Files/Java/jdk1.8.0_71/bin/../jre/bin/server;C:/Program Files/Java/jdk1.8.0_71/bin/../jre/bin;C:/Program Files/Java/jdk1.8.0_71/bin/../jre/lib/amd64;c:\windows\system32;c:\windows;c:\windows\system32\wbem;c:\windows\system32\windowspowershell\v1.0\;c:\program files\git\cmd;c:\program files (x86)\microsoft sql server\100\tools\binn\;c:\program files\microsoft sql server\100\tools\binn\;c:\program files\microsoft sql server\100\dts\binn\;c:\program files (x86)\perforce;c:\program files\sap\hdbclient;C:\Python27;C:\Program Files (x86)\Windows Kits\8.1\Windows Performance Toolkit\;C:\Program Files\Cloud Foundry;C:\Program Files\Java\jdk1.8.0_71\bin;C:\Program Files\nodejs\;C:\Users\i007102\git\oberon.html;C:\Users\i007102\AppData\Local\atom\bin;C:\work\99_Worksapce\apache-maven-3.3.9\bin;C:\Users\i007102\AppData\Roaming\npm;C:\work\99_Worksapce\eclipse;;."/>
    <property name="java.specification.name" value="Java Platform API Specification"/>
    <property name="java.class.version" value="52.0"/>
    <property name="sun.management.compiler" value="HotSpot 64-Bit Tiered Compilers"/>
    <property name="os.version" value="10.0"/>
    <property name="user.home" value="C:\Users\i007102"/>
    <property name="user.timezone" value="Asia/Shanghai"/>
    <property name="java.awt.printerjob" value="sun.awt.windows.WPrinterJob"/>
    <property name="java.specification.version" value="1.8"/>
    <property name="file.encoding" value="Cp1252"/>
    <property name="user.name" value="I007102"/>
    <property name="java.class.path" value="/C:/work/99_Worksapce/eclipse/plugins/org.eclipse.m2e.maven.runtime_1.7.0.20160603-1931/jars/plexus-classworlds-2.5.2.jar"/>
    <property name="java.vm.specification.version" value="1.8"/>
    <property name="sun.arch.data.model" value="64"/>
    <property name="java.home" value="C:\Program Files\Java\jdk1.8.0_71\jre"/>
    <property name="sun.java.command" value="org.codehaus.plexus.classworlds.launcher.Launcher -B -s C:\Users\i007102\.m2\settings_test.xml install"/>
    <property name="java.specification.vendor" value="Oracle Corporation"/>
    <property name="user.language" value="en"/>
    <property name="awt.toolkit" value="sun.awt.windows.WToolkit"/>
    <property name="java.vm.info" value="mixed mode"/>
    <property name="java.version" value="1.8.0_71"/>
    <property name="java.ext.dirs" value="C:\Program Files\Java\jdk1.8.0_71\jre\lib\ext;C:\Windows\Sun\Java\lib\ext"/>
    <property name="sun.boot.class.path" value="C:\Program Files\Java\jdk1.8.0_71\jre\lib\resources.jar;C:\Program Files\Java\jdk1.8.0_71\jre\lib\rt.jar;C:\Program Files\Java\jdk1.8.0_71\jre\lib\sunrsasign.jar;C:\Program Files\Java\jdk1.8.0_71\jre\lib\jsse.jar;C:\Program Files\Java\jdk1.8.0_71\jre\lib\jce.jar;C:\Program Files\Java\jdk1.8.0_71\jre\lib\charsets.jar;C:\Program Files\Java\jdk1.8.0_71\jre\lib\jfr.jar;C:\Program Files\Java\jdk1.8.0_71\jre\classes"/>
    <property name="java.vendor" value="Oracle Corporation"/>
    <property name="maven.home" value="C:\Users\i007102\git\SCPGamification\droolsdemo\EMBEDDED"/>
    <property name="file.separator" value="\"/>
    <property name="java.vendor.url.bug" value="http://bugreport.sun.com/bugreport/"/>
    <property name="sun.cpu.endian" value="little"/>
    <property name="sun.io.unicode.encoding" value="UnicodeLittle"/>
    <property name="sun.desktop" value="windows"/>
    <property name="sun.cpu.isalist" value="amd64"/>
  </properties>
  <testcase classname="droolsdemo.TestLesson31" name="testFromLHS" time="0.569"/>
  <testcase classname="droolsdemo.TestLesson31" name="testAccumulate" time="0.05"/>
  <testcase classname="droolsdemo.TestLesson31" name="testCollectionLHS" time="0.014"/>
</testsuite>